1,0.000001000000,0.000000002782
2,0.000001000000,0.000000002782
3,0.000001000000,0.000000002782
4,0.000001000000,0.000000002782
5,0.000000000000,0.000000002782
6,0.000001000000,0.000000002782
7,0.000001000000,0.000000002782
8,0.000001000000,0.000000002782
9,0.000002000000,0.000000002782
10,0.000002000000,0.000000002782
11,0.000003000000,0.000000002782
12,0.000004000000,0.000000002782
13,0.000004000000,0.000000002782
14,0.000006000000,0.000000002782
15,0.000007000000,0.000000002782
16,0.000008000000,0.000000002782
17,0.000009000000,0.000000002782
18,0.000011000000,0.000000002782
19,0.000017000000,0.000000002782
20,0.000015000000,0.000000002782
21,0.000017000000,0.000000002782
22,0.000018999999,0.000000002782
23,0.000023000001,0.000000002782
24,0.000024999999,0.000000002782
25,0.000028000000,0.000000002782
26,0.000032000000,0.000000002782
27,0.000036000001,0.000000002782
28,0.000038999999,0.000000002782
29,0.000044000000,0.000000002782
30,0.000048999998,0.000000002782
31,0.000053000000,0.000000002782
32,0.000058000001,0.000000002782
33,0.000075999997,0.000000002782
34,0.000069000002,0.000000002782
35,0.000078999998,0.000000002782
36,0.000082999999,0.000000002782
37,0.000091000002,0.000000002782
38,0.000108000000,0.000000002782
39,0.000104999999,0.000000002782
40,0.000125999999,0.000000002782
41,0.000123000005,0.000000002782
42,0.000150000007,0.000000002782
43,0.000140000004,0.000000002782
44,0.000149000000,0.000000002782
45,0.000159999996,0.000000002782
46,0.000171000007,0.000000002782
47,0.000180999996,0.000000002782
48,0.000193999993,0.000000002782
49,0.000205000004,0.000000002782
50,0.000218000001,0.000000002782
51,0.000232000006,0.000000002782
52,0.000245000003,0.000000002782
53,0.000260000001,0.000000002782
54,0.000273000012,0.000000002782
55,0.000288999989,0.000000002782
56,0.000306000002,0.000000002782
57,0.000322999986,0.000000002782
58,0.000338999991,0.000000002782
59,0.000356000004,0.000000002782
60,0.000373999996,0.000000002782
61,0.000392999995,0.000000002782
62,0.000413000002,0.000000002782
63,0.000433000008,0.000000002782
64,0.000453999994,0.000000002782
65,0.000474000000,0.000000002782
66,0.000497000001,0.000000002782
67,0.000520000001,0.000000002782
68,0.000541999994,0.000000002782
69,0.000567000010,0.000000002782
70,0.000591000018,0.000000002782
71,0.000616999983,0.000000002782
72,0.000648999994,0.000000002782
73,0.000737000024,0.000000002782
74,0.000765000004,0.000000002782
75,0.000796000008,0.000000002782
76,0.000823999988,0.000000002782
77,0.000857000006,0.000000002782
78,0.000890999974,0.000000002782
79,0.000922999985,0.000000002782
80,0.000957000011,0.000000002782
81,0.000992999994,0.000000002782
82,0.001030000043,0.000000002782
83,0.001066999976,0.000000002782
84,0.001104000024,0.000000002782
85,0.001139999949,0.000000002782
86,0.001181000029,0.000000002782
87,0.001221999992,0.000000002782
88,0.001261999947,0.000000002782
89,0.001306000049,0.000000002782
90,0.001246999949,0.000000002782
91,0.001288000029,0.000000002782
92,0.001333000022,0.000000002782
93,0.001442000037,0.000000002782
94,0.001488000038,0.000000002782
95,0.001532000024,0.000000002782
96,0.001582999947,0.000000002782
97,0.001649999991,0.000000002782
98,0.001688000048,0.000000002782
99,0.001730000018,0.000000002782
100,0.001795000047,0.000000002782
101,0.001833999995,0.000000002782
102,0.001887000049,0.000000002782
103,0.001967000077,0.000000002782
104,0.002001000103,0.000000002782
105,0.002052000025,0.000000002782
106,0.002116000047,0.000000002782
107,0.002248999896,0.000000002782
108,0.002263000002,0.000000002782
109,0.002292999998,0.000000002782
110,0.002361000050,0.000000002782
111,0.002460000105,0.000000002782
112,0.002477000002,0.000000002782
113,0.002638000064,0.000000002782
114,0.002624999965,0.000000002782
115,0.002693000017,0.000000002782
116,0.002763000084,0.000000002782
117,0.002860999899,0.000000002782
118,0.002895999933,0.000000002782
119,0.002977000084,0.000000002782
120,0.003056999994,0.000000002782
121,0.003131000092,0.000000002782
122,0.003184000030,0.000000002782
123,0.003281000070,0.000000002782
124,0.003357999958,0.000000002782
125,0.003433000064,0.000000002782
126,0.003519000020,0.000000002782
127,0.003601999953,0.000000002782
128,0.003675000044,0.000000002782
129,0.003761000000,0.000000002782
130,0.003856000025,0.000000002782
131,0.004153999966,0.000000002782
132,0.004255999811,0.000000002782
133,0.004550000187,0.000000002782
134,0.004217999987,0.000000002782
135,0.004743000027,0.000000002782
136,0.004583999980,0.000000002782
137,0.004736000206,0.000000002782
138,0.005036999937,0.000000002782
139,0.004832999781,0.000000002782
140,0.005107000005,0.000000002782
141,0.005351999775,0.000000002782
142,0.005348999985,0.000000002782
143,0.005179000087,0.000000002782
144,0.005636000074,0.000000002782
145,0.005741999950,0.000000002782
146,0.005828000139,0.000000002782
147,0.005597000010,0.000000002782
148,0.006107000168,0.000000002782
149,0.006227000151,0.000000002782
150,0.006477000192,0.000000002782
151,0.006440999918,0.000000002782
152,0.006581000052,0.000000002782
153,0.006434999872,0.000000002782
154,0.006585999858,0.000000002782
155,0.006959000137,0.000000002782
156,0.007058999967,0.000000002782
157,0.007160000037,0.000000002782
158,0.007284000050,0.000000002782
159,0.007433000021,0.000000002782
160,0.007534999866,0.000000002782
161,0.007654000074,0.000000002782
162,0.007801000029,0.000000002782
163,0.007946000434,0.000000002782
164,0.008177000098,0.000000002782
165,0.008480999619,0.000000002782
166,0.008426000364,0.000000002782
167,0.008503999561,0.000000002782
168,0.008647999726,0.000000002782
169,0.008794999681,0.000000002782
170,0.008972999640,0.000000002782
171,0.009499999695,0.000000002782
172,0.009236999787,0.000000002782
173,0.009376999922,0.000000002782
174,0.009544000030,0.000000002782
175,0.009271999821,0.000000002782
176,0.009390000254,0.000000002782
177,0.009641000070,0.000000002782
178,0.009751000442,0.000000002782
179,0.009905000217,0.000000002782
180,0.010041999631,0.000000002782
181,0.010200000368,0.000000002782
182,0.010358000174,0.000000002782
183,0.010556999594,0.000000002782
184,0.010707999580,0.000000002782
185,0.010906999931,0.000000002782
186,0.011078000069,0.000000002782
187,0.011250999756,0.000000002782
188,0.011432999745,0.000000002782
189,0.011576999910,0.000000002782
190,0.011783000082,0.000000002782
191,0.011977000162,0.000000002782
192,0.012213000096,0.000000002782
193,0.012338999659,0.000000002782
194,0.012582999654,0.000000002782
195,0.012732000090,0.000000002782
196,0.012977999635,0.000000002782
197,0.013101000339,0.000000002782
198,0.013314999640,0.000000002782
199,0.013511000201,0.000000002782
200,0.013694000430,0.000000002782
201,0.013960000128,0.000000002782
202,0.015003999695,0.000000002782
203,0.015196000226,0.000000002782
204,0.015410000458,0.000000002782
205,0.015656000003,0.000000002782
206,0.015921000391,0.000000002782
207,0.016443999484,0.000000002782
208,0.016310000792,0.000000002782
209,0.016542999074,0.000000002782
210,0.016742000356,0.000000002782
211,0.017408000305,0.000000002782
212,0.017198000103,0.000000002782
213,0.017475999892,0.000000002782
214,0.018124999478,0.000000002782
215,0.017893999815,0.000000002782
216,0.018502999097,0.000000002782
217,0.018414000049,0.000000002782
218,0.019051000476,0.000000002782
219,0.018850000575,0.000000002782
220,0.019516000524,0.000000002782
221,0.019393000752,0.000000002782
222,0.020014999434,0.000000002782
223,0.020454000682,0.000000002782
224,0.020492000505,0.000000002782
225,0.020408000797,0.000000002782
226,0.021057000384,0.000000002782
227,0.021332999691,0.000000002782
228,0.021617000923,0.000000002782
229,0.021887000650,0.000000002782
230,0.022337999195,0.000000002782
231,0.021966999397,0.000000002782
232,0.021663000807,0.000000002782
233,0.022169999778,0.000000002782
234,0.022796999663,0.000000002782
235,0.022461999208,0.000000002782
236,0.023412000388,0.000000002782
237,0.023112999275,0.000000002782
238,0.023493999615,0.000000002782
239,0.023615999147,0.000000002782
240,0.023742999882,0.000000002782
241,0.024013999850,0.000000002782
242,0.024318000302,0.000000002782
243,0.024983000010,0.000000002782
244,0.024873999879,0.000000002782
245,0.025095999241,0.000000002782
246,0.025451999158,0.000000002782
247,0.025863999501,0.000000002782
248,0.026419000700,0.000000002782
249,0.026471000165,0.000000002782
250,0.026626000181,0.000000002782
251,0.026854999363,0.000000002782
252,0.027248999104,0.000000002782
253,0.027684999630,0.000000002782
254,0.028319999576,0.000000002782
255,0.028334999457,0.000000002782
256,0.028720999137,0.000000002782
257,0.028982000425,0.000000002782
258,0.029244000092,0.000000002782
259,0.030275000259,0.000000002782
260,0.031116999686,0.000000002782
261,0.030851999298,0.000000002782
262,0.031092999503,0.000000002782
263,0.031420998275,0.000000002782
264,0.031787000597,0.000000002782
265,0.032852001488,0.000000002782
266,0.032765001059,0.000000002782
267,0.032891999930,0.000000002782
268,0.033656001091,0.000000002782
269,0.033603001386,0.000000002782
270,0.034023001790,0.000000002782
271,0.034180000424,0.000000002782
272,0.034740999341,0.000000002782
273,0.035450000316,0.000000002782
274,0.035574998707,0.000000002782
275,0.036084998399,0.000000002782
276,0.036757998168,0.000000002782
277,0.036750998348,0.000000002782
278,0.037025999278,0.000000002782
279,0.037379998714,0.000000002782
280,0.038054998964,0.000000002782
281,0.038474999368,0.000000002782
282,0.038577999920,0.000000002782
283,0.038699999452,0.000000002782
284,0.038748998195,0.000000002782
285,0.039370000362,0.000000002782
286,0.039981000125,0.000000002782
287,0.040199998766,0.000000002782
288,0.040575999767,0.000000002782
289,0.041446000338,0.000000002782
290,0.041696000844,0.000000002782
291,0.042109001428,0.000000002782
292,0.042900998145,0.000000002782
293,0.042897000909,0.000000002782
294,0.045550998300,0.000000002782
295,0.044466000050,0.000000002782
296,0.044449001551,0.000000002782
297,0.045033000410,0.000000002782
298,0.044968999922,0.000000002782
299,0.045426998287,0.000000002782
300,0.045811001211,0.000000002782
301,0.046365998685,0.000000002782
302,0.047465998679,0.000000002782
303,0.047529999167,0.000000002782
304,0.048549998552,0.000000002782
305,0.048877000809,0.000000002782
306,0.048891998827,0.000000002782
307,0.049488000572,0.000000002782
308,0.049878999591,0.000000002782
309,0.050280001014,0.000000002782
310,0.050859000534,0.000000002782
311,0.051325999200,0.000000002782
312,0.051851999015,0.000000002782
313,0.052315000445,0.000000002782
314,0.052795998752,0.000000002782
315,0.053346000612,0.000000002782
316,0.053847000003,0.000000002782
317,0.054324999452,0.000000002782
318,0.054754998535,0.000000002782
319,0.055043999106,0.000000002782
320,0.055603999645,0.000000002782
321,0.056099999696,0.000000002782
322,0.056563999504,0.000000002782
323,0.057220000774,0.000000002782
324,0.057496998459,0.000000002782
325,0.058146998286,0.000000002782
326,0.059037998319,0.000000002782
327,0.059500001371,0.000000002782
328,0.059588998556,0.000000002782
329,0.060385998338,0.000000002782
330,0.061060000211,0.000000002782
331,0.061533998698,0.000000002782
332,0.062763996422,0.000000002782
333,0.062657997012,0.000000002782
334,0.064577996731,0.000000002782
335,0.064176000655,0.000000002782
336,0.063993997872,0.000000002782
337,0.064818002284,0.000000002782
338,0.065682001412,0.000000002782
339,0.066506996751,0.000000002782
340,0.066614001989,0.000000002782
341,0.067377001047,0.000000002782
342,0.068453997374,0.000000002782
343,0.068442001939,0.000000002782
344,0.069999001920,0.000000002782
345,0.069907002151,0.000000002782
346,0.071286998689,0.000000002782
347,0.070790998638,0.000000002782
348,0.070832997561,0.000000002782
349,0.071921996772,0.000000002782
350,0.072164997458,0.000000002782
351,0.072866000235,0.000000002782
352,0.073852002621,0.000000002782
353,0.074032001197,0.000000002782
354,0.074827000499,0.000000002782
355,0.075502000749,0.000000002782
356,0.075997002423,0.000000002782
357,0.076764002442,0.000000002782
358,0.077342003584,0.000000002782
359,0.077823996544,0.000000002782
360,0.078789003193,0.000000002782
361,0.079199001193,0.000000002782
362,0.079930000007,0.000000002782
363,0.080696001649,0.000000002782
364,0.081763997674,0.000000002782
365,0.083494998515,0.000000002782
366,0.082574002445,0.000000002782
367,0.083484999835,0.000000002782
368,0.083958998322,0.000000002782
369,0.084578998387,0.000000002782
370,0.085366003215,0.000000002782
371,0.085821002722,0.000000002782
372,0.086653999984,0.000000002782
373,0.087263002992,0.000000002782
374,0.088118001819,0.000000002782
375,0.089254997671,0.000000002782
376,0.090098001063,0.000000002782
377,0.090792000294,0.000000002782
378,0.091986998916,0.000000002782
379,0.093002997339,0.000000002782
380,0.093221999705,0.000000002782
381,0.093680001795,0.000000002782
382,0.094451002777,0.000000002782
383,0.095315001905,0.000000002782
384,0.095963999629,0.000000002782
385,0.096367001534,0.000000002782
386,0.096592999995,0.000000002782
387,0.097419999540,0.000000002782
388,0.098530001938,0.000000002782
389,0.099481001496,0.000000002782
390,0.099761001766,0.000000002782
391,0.100414998829,0.000000002782
392,0.101248003542,0.000000002782
393,0.102025002241,0.000000002782
394,0.102678999305,0.000000002782
395,0.103496998549,0.000000002782
396,0.104465000331,0.000000002782
397,0.106430999935,0.000000002782
398,0.106063000858,0.000000002782
399,0.106688000262,0.000000002782
400,0.107552997768,0.000000002782
401,0.108134001493,0.000000002782
402,0.109374001622,0.000000002782
403,0.110366001725,0.000000002782
404,0.111661002040,0.000000002782
405,0.112255997956,0.000000002782
406,0.112649999559,0.000000002782
407,0.113213002682,0.000000002782
408,0.113973997533,0.000000002782
409,0.115154996514,0.000000002782
410,0.115691997111,0.000000002782
411,0.116456001997,0.000000002782
412,0.122395999730,0.000000002782
413,0.119437001646,0.000000002782
414,0.120875999331,0.000000002782
415,0.120852999389,0.000000002782
416,0.121615998447,0.000000002782
417,0.122121997178,0.000000002782
418,0.122914001346,0.000000002782
419,0.124030999839,0.000000002782
420,0.125533998013,0.000000002782
421,0.126037001610,0.000000002782
422,0.127397000790,0.000000002782
423,0.129962995648,0.000000002782
424,0.130006000400,0.000000002782
425,0.130912005901,0.000000002782
426,0.133138999343,0.000000002782
427,0.132551997900,0.000000002782
428,0.133423998952,0.000000002782
429,0.134821996093,0.000000002782
430,0.135562002659,0.000000002782
431,0.137046992779,0.000000002782
432,0.137713000178,0.000000002782
433,0.138110995293,0.000000002782
434,0.138885006309,0.000000002782
435,0.139769002795,0.000000002782
436,0.140968993306,0.000000002782
437,0.144960999489,0.000000002782
438,0.143950000405,0.000000002782
439,0.142717003822,0.000000002782
440,0.143383994699,0.000000002782
441,0.144394993782,0.000000002782
442,0.145762994885,0.000000002782
443,0.146347001195,0.000000002782
444,0.146505996585,0.000000002782
445,0.147654995322,0.000000002782
446,0.149515002966,0.000000002782
447,0.150381997228,0.000000002782
448,0.151350006461,0.000000002782
449,0.152371004224,0.000000002782
450,0.153860002756,0.000000002782
451,0.154251992702,0.000000002782
452,0.154831007123,0.000000002782
453,0.155950993299,0.000000002782
454,0.157563999295,0.000000002782
455,0.158741995692,0.000000002782
456,0.159488007426,0.000000002782
457,0.161255002022,0.000000002782
458,0.161482006311,0.000000002782
459,0.162426993251,0.000000002782
460,0.163446992636,0.000000002782
461,0.164781004190,0.000000002782
462,0.167272999883,0.000000002782
463,0.167339995503,0.000000002782
464,0.168157994747,0.000000002782
465,0.169475004077,0.000000002782
466,0.170307993889,0.000000002782
467,0.171281993389,0.000000002782
468,0.172595992684,0.000000002782
469,0.173890992999,0.000000002782
470,0.174786001444,0.000000002782
471,0.175850003958,0.000000002782
472,0.177305996418,0.000000002782
473,0.177907004952,0.000000002782
474,0.179312005639,0.000000002782
475,0.180913001299,0.000000002782
476,0.181984007359,0.000000002782
477,0.182734996080,0.000000002782
478,0.184153005481,0.000000002782
479,0.184655994177,0.000000002782
480,0.185623005033,0.000000002782
481,0.187044993043,0.000000002782
482,0.187980994582,0.000000002782
483,0.189317002892,0.000000002782
484,0.190561994910,0.000000002782
485,0.191744998097,0.000000002782
486,0.192086994648,0.000000002782
487,0.193783000112,0.000000002782
488,0.195159003139,0.000000002782
489,0.196518003941,0.000000002782
490,0.198355004191,0.000000002782
491,0.198892995715,0.000000002782
492,0.199826002121,0.000000002782
493,0.203039005399,0.000000002782
494,0.205899000168,0.000000002782
495,0.203927993774,0.000000002782
496,0.205742001534,0.000000002782
497,0.210444003344,0.000000002782
498,0.209420993924,0.000000002782
499,0.210124999285,0.000000002782
500,0.209824994206,0.000000002782
