1,0.000001000000,0.000000003170
2,0.000000000000,0.000000003170
3,0.000000000000,0.000000003170
4,0.000000000000,0.000000003170
5,0.000001000000,0.000000003170
6,0.000001000000,0.000000003170
7,0.000002000000,0.000000003170
8,0.000002000000,0.000000003170
9,0.000002000000,0.000000003170
10,0.000003000000,0.000000003170
11,0.000003000000,0.000000003170
12,0.000004000000,0.000000003170
13,0.000005000000,0.000000003170
14,0.000006000000,0.000000003170
15,0.000006000000,0.000000003170
16,0.000008000000,0.000000003170
17,0.000015000000,0.000000003170
18,0.000012000000,0.000000003170
19,0.000013000000,0.000000003170
20,0.000015000000,0.000000003170
21,0.000018000001,0.000000003170
22,0.000019999999,0.000000003170
23,0.000023000001,0.000000003170
24,0.000029000001,0.000000003170
25,0.000033000000,0.000000003170
26,0.000039999999,0.000000003170
27,0.000043000000,0.000000003170
28,0.000045000001,0.000000003170
29,0.000051999999,0.000000003170
30,0.000059999998,0.000000003170
31,0.000065000000,0.000000003170
32,0.000071000002,0.000000003170
33,0.000076999997,0.000000003170
34,0.000085000000,0.000000003170
35,0.000092000002,0.000000003170
36,0.000097999997,0.000000003170
37,0.000106000000,0.000000003170
38,0.000114000002,0.000000003170
39,0.000123999998,0.000000003170
40,0.000132999994,0.000000003170
41,0.000140999997,0.000000003170
42,0.000151000000,0.000000003170
43,0.000163000004,0.000000003170
44,0.000174000001,0.000000003170
45,0.000193000000,0.000000003170
46,0.000197000001,0.000000003170
47,0.000207999998,0.000000003170
48,0.000220999995,0.000000003170
49,0.000284000009,0.000000003170
50,0.000250000012,0.000000003170
51,0.000265000010,0.000000003170
52,0.000280000007,0.000000003170
53,0.000303000008,0.000000003170
54,0.000311000011,0.000000003170
55,0.000326999987,0.000000003170
56,0.000341000006,0.000000003170
57,0.000365000014,0.000000003170
58,0.000381999998,0.000000003170
59,0.000409000000,0.000000003170
60,0.000418999989,0.000000003170
61,0.000441000011,0.000000003170
62,0.000464999990,0.000000003170
63,0.000487999991,0.000000003170
64,0.000508000026,0.000000003170
65,0.000528000004,0.000000003170
66,0.000553000020,0.000000003170
67,0.000576000020,0.000000003170
68,0.000604000001,0.000000003170
69,0.000628000009,0.000000003170
70,0.000655999989,0.000000003170
71,0.000720000011,0.000000003170
72,0.000721000019,0.000000003170
73,0.000738999981,0.000000003170
74,0.000765000004,0.000000003170
75,0.000803000003,0.000000003170
76,0.000832999998,0.000000003170
77,0.000860999979,0.000000003170
78,0.000896000012,0.000000003170
79,0.000936999975,0.000000003170
80,0.001045000041,0.000000003170
81,0.001064999960,0.000000003170
82,0.001040000003,0.000000003170
83,0.001067999983,0.000000003170
84,0.001113999984,0.000000003170
85,0.001152000041,0.000000003170
86,0.001178000006,0.000000003170
87,0.001264999970,0.000000003170
88,0.001370999962,0.000000003170
89,0.001435999991,0.000000003170
90,0.001468000002,0.000000003170
91,0.001484000008,0.000000003170
92,0.001628999948,0.000000003170
93,0.001643999945,0.000000003170
94,0.001691999962,0.000000003170
95,0.001702000038,0.000000003170
96,0.001754999976,0.000000003170
97,0.001689000055,0.000000003170
98,0.001726999995,0.000000003170
99,0.001780000050,0.000000003170
100,0.001871000044,0.000000003170
101,0.001894999994,0.000000003170
102,0.002083000029,0.000000003170
103,0.002060000086,0.000000003170
104,0.002068999922,0.000000003170
105,0.002119000070,0.000000003170
106,0.002176000038,0.000000003170
107,0.002241000067,0.000000003170
108,0.002331000054,0.000000003170
109,0.002405999927,0.000000003170
110,0.002565999981,0.000000003170
111,0.002520000096,0.000000003170
112,0.002547000069,0.000000003170
113,0.002633000026,0.000000003170
114,0.002692000009,0.000000003170
115,0.002817000030,0.000000003170
116,0.002970000030,0.000000003170
117,0.002927999943,0.000000003170
118,0.002983999904,0.000000003170
119,0.003062000033,0.000000003170
120,0.003186000045,0.000000003170
121,0.003337000031,0.000000003170
122,0.003324999940,0.000000003170
123,0.003341000061,0.000000003170
124,0.003433000064,0.000000003170
125,0.003519000020,0.000000003170
126,0.003642000025,0.000000003170
127,0.003712000092,0.000000003170
128,0.003679000074,0.000000003170
129,0.003868999891,0.000000003170
130,0.003911000211,0.000000003170
131,0.004215999972,0.000000003170
132,0.004137999844,0.000000003170
133,0.004135000054,0.000000003170
134,0.004575999919,0.000000003170
135,0.004397000186,0.000000003170
136,0.004486000165,0.000000003170
137,0.004676999990,0.000000003170
138,0.004891999997,0.000000003170
139,0.004838000052,0.000000003170
140,0.004896000028,0.000000003170
141,0.005171999801,0.000000003170
142,0.005183999892,0.000000003170
143,0.005228000227,0.000000003170
144,0.005338999908,0.000000003170
145,0.005437999964,0.000000003170
146,0.005549999885,0.000000003170
147,0.005663999822,0.000000003170
148,0.005917999893,0.000000003170
149,0.005909000058,0.000000003170
150,0.006159000099,0.000000003170
151,0.006211000029,0.000000003170
152,0.006246000063,0.000000003170
153,0.006537999958,0.000000003170
154,0.006451999769,0.000000003170
155,0.006779999938,0.000000003170
156,0.006810999941,0.000000003170
157,0.006909999996,0.000000003170
158,0.007215999998,0.000000003170
159,0.007141000126,0.000000003170
160,0.007459999993,0.000000003170
161,0.007428999990,0.000000003170
162,0.007646999788,0.000000003170
163,0.007666999940,0.000000003170
164,0.007834999822,0.000000003170
165,0.008085000329,0.000000003170
166,0.008143999614,0.000000003170
167,0.008283999749,0.000000003170
168,0.008404999971,0.000000003170
169,0.008677000180,0.000000003170
170,0.008733999915,0.000000003170
171,0.008975000121,0.000000003170
172,0.009105999954,0.000000003170
173,0.009139999747,0.000000003170
174,0.009448000230,0.000000003170
175,0.009592999704,0.000000003170
176,0.009763999842,0.000000003170
177,0.009766999632,0.000000003170
178,0.010080999695,0.000000003170
179,0.010273000225,0.000000003170
180,0.010188999586,0.000000003170
181,0.010704999790,0.000000003170
182,0.010795000009,0.000000003170
183,0.010827999562,0.000000003170
184,0.011037000455,0.000000003170
185,0.011145999655,0.000000003170
186,0.011463999748,0.000000003170
187,0.011785999872,0.000000003170
188,0.011959999800,0.000000003170
189,0.011876000091,0.000000003170
190,0.012280999683,0.000000003170
191,0.012320999987,0.000000003170
192,0.012585000135,0.000000003170
193,0.012672999874,0.000000003170
194,0.013026000001,0.000000003170
195,0.013183999807,0.000000003170
196,0.013392999768,0.000000003170
197,0.013528999873,0.000000003170
198,0.013729000464,0.000000003170
199,0.013949999586,0.000000003170
200,0.014093999751,0.000000003170
201,0.014317999594,0.000000003170
202,0.014619999565,0.000000003170
203,0.014847000130,0.000000003170
204,0.014965999871,0.000000003170
205,0.015203000046,0.000000003170
206,0.015302999876,0.000000003170
207,0.015744000673,0.000000003170
208,0.015961999074,0.000000003170
209,0.016196999699,0.000000003170
210,0.016319999471,0.000000003170
211,0.016635000706,0.000000003170
212,0.016869999468,0.000000003170
213,0.016991000623,0.000000003170
214,0.017238000408,0.000000003170
215,0.017588000745,0.000000003170
216,0.017790000886,0.000000003170
217,0.018061999232,0.000000003170
218,0.018285999075,0.000000003170
219,0.018583999947,0.000000003170
220,0.018776999786,0.000000003170
221,0.019051000476,0.000000003170
222,0.019251000136,0.000000003170
223,0.019494999200,0.000000003170
224,0.019610999152,0.000000003170
225,0.020478000864,0.000000003170
226,0.020292999223,0.000000003170
227,0.020591000095,0.000000003170
228,0.020831000060,0.000000003170
229,0.021625999361,0.000000003170
230,0.021290000528,0.000000003170
231,0.021688999608,0.000000003170
232,0.022241000086,0.000000003170
233,0.022075999528,0.000000003170
234,0.022500999272,0.000000003170
235,0.022960999981,0.000000003170
236,0.022989999503,0.000000003170
237,0.023305999115,0.000000003170
238,0.023755000904,0.000000003170
239,0.023910000920,0.000000003170
240,0.024333000183,0.000000003170
241,0.024466000497,0.000000003170
242,0.024698000401,0.000000003170
243,0.025228999555,0.000000003170
244,0.025533000007,0.000000003170
245,0.025583000854,0.000000003170
246,0.026200000197,0.000000003170
247,0.026554999873,0.000000003170
248,0.026821000502,0.000000003170
249,0.027089999989,0.000000003170
250,0.026992000639,0.000000003170
251,0.027737999335,0.000000003170
252,0.027925999835,0.000000003170
253,0.028150999919,0.000000003170
254,0.028650999069,0.000000003170
255,0.029425999150,0.000000003170
256,0.029363000765,0.000000003170
257,0.029602000490,0.000000003170
258,0.030171999708,0.000000003170
259,0.030321000144,0.000000003170
260,0.030977999792,0.000000003170
261,0.031436998397,0.000000003170
262,0.031683001667,0.000000003170
263,0.031667001545,0.000000003170
264,0.032274000347,0.000000003170
265,0.032400999218,0.000000003170
266,0.032756000757,0.000000003170
267,0.033314999193,0.000000003170
268,0.033739998937,0.000000003170
269,0.033711999655,0.000000003170
270,0.034552000463,0.000000003170
271,0.034604001790,0.000000003170
272,0.034951001406,0.000000003170
273,0.035541001707,0.000000003170
274,0.035806000233,0.000000003170
275,0.036191001534,0.000000003170
276,0.036773998290,0.000000003170
277,0.037184998393,0.000000003170
278,0.037491001189,0.000000003170
279,0.038010001183,0.000000003170
280,0.038058001548,0.000000003170
281,0.038832999766,0.000000003170
282,0.038837999105,0.000000003170
283,0.039645999670,0.000000003170
284,0.040153998882,0.000000003170
285,0.040222000331,0.000000003170
286,0.040828000754,0.000000003170
287,0.040943000466,0.000000003170
288,0.041609998792,0.000000003170
289,0.041797999293,0.000000003170
290,0.042511999607,0.000000003170
291,0.042837001383,0.000000003170
292,0.043179001659,0.000000003170
293,0.043827001005,0.000000003170
294,0.043972998857,0.000000003170
295,0.044681999832,0.000000003170
296,0.045019999146,0.000000003170
297,0.045334000140,0.000000003170
298,0.046068001539,0.000000003170
299,0.046548001468,0.000000003170
300,0.047139000148,0.000000003170
301,0.047393999994,0.000000003170
302,0.047979999334,0.000000003170
303,0.048245001584,0.000000003170
304,0.048909999430,0.000000003170
305,0.049323000014,0.000000003170
306,0.049936000258,0.000000003170
307,0.050411000848,0.000000003170
308,0.050797998905,0.000000003170
309,0.051176000386,0.000000003170
310,0.051943000406,0.000000003170
311,0.052342001349,0.000000003170
312,0.055596999824,0.000000003170
313,0.053360998631,0.000000003170
314,0.053996000439,0.000000003170
315,0.054306000471,0.000000003170
316,0.054784998298,0.000000003170
317,0.055091001093,0.000000003170
318,0.055923998356,0.000000003170
319,0.056434001774,0.000000003170
320,0.056666001678,0.000000003170
321,0.057698000222,0.000000003170
322,0.057613998652,0.000000003170
323,0.058554999530,0.000000003170
324,0.058897998184,0.000000003170
325,0.059657998383,0.000000003170
326,0.060238998383,0.000000003170
327,0.061928000301,0.000000003170
328,0.061321001500,0.000000003170
329,0.061870999634,0.000000003170
330,0.062047999352,0.000000003170
331,0.063057996333,0.000000003170
332,0.063421003520,0.000000003170
333,0.063877001405,0.000000003170
334,0.064762003720,0.000000003170
335,0.065127000213,0.000000003170
336,0.065513998270,0.000000003170
337,0.066220000386,0.000000003170
338,0.066678002477,0.000000003170
339,0.067511998117,0.000000003170
340,0.068226002157,0.000000003170
341,0.068429999053,0.000000003170
342,0.069214001298,0.000000003170
343,0.070518001914,0.000000003170
344,0.070228002965,0.000000003170
345,0.071183003485,0.000000003170
346,0.071956999600,0.000000003170
347,0.072250999510,0.000000003170
348,0.072924003005,0.000000003170
349,0.073324002326,0.000000003170
350,0.074322000146,0.000000003170
351,0.074833996594,0.000000003170
352,0.075708001852,0.000000003170
353,0.075915999711,0.000000003170
354,0.076803997159,0.000000003170
355,0.077243000269,0.000000003170
356,0.078355997801,0.000000003170
357,0.078801997006,0.000000003170
358,0.079701997340,0.000000003170
359,0.080059997737,0.000000003170
360,0.080941997468,0.000000003170
361,0.081260003150,0.000000003170
362,0.081828996539,0.000000003170
363,0.082533001900,0.000000003170
364,0.083430998027,0.000000003170
365,0.083927996457,0.000000003170
366,0.084964998066,0.000000003170
367,0.085290998220,0.000000003170
368,0.085946999490,0.000000003170
369,0.086811996996,0.000000003170
370,0.087544001639,0.000000003170
371,0.088368996978,0.000000003170
372,0.089000001550,0.000000003170
373,0.089955002069,0.000000003170
374,0.090571999550,0.000000003170
375,0.091798998415,0.000000003170
376,0.091467998922,0.000000003170
377,0.092642001808,0.000000003170
378,0.093423001468,0.000000003170
379,0.094083003700,0.000000003170
380,0.094778999686,0.000000003170
381,0.095444999635,0.000000003170
382,0.096263997257,0.000000003170
383,0.096537999809,0.000000003170
384,0.097888000309,0.000000003170
385,0.098732002079,0.000000003170
386,0.099449001253,0.000000003170
387,0.100668996572,0.000000003170
388,0.100249998271,0.000000003170
389,0.101733997464,0.000000003170
390,0.102590002120,0.000000003170
391,0.104083001614,0.000000003170
392,0.104226998985,0.000000003170
393,0.104976996779,0.000000003170
394,0.105415001512,0.000000003170
395,0.106384001672,0.000000003170
396,0.107054002583,0.000000003170
397,0.108609996736,0.000000003170
398,0.108689002693,0.000000003170
399,0.109857000411,0.000000003170
400,0.110597997904,0.000000003170
401,0.112952001393,0.000000003170
402,0.111506998539,0.000000003170
403,0.112671002746,0.000000003170
404,0.113595999777,0.000000003170
405,0.114468000829,0.000000003170
406,0.116659000516,0.000000003170
407,0.117334000766,0.000000003170
408,0.118708997965,0.000000003170
409,0.119231998920,0.000000003170
410,0.119514003396,0.000000003170
411,0.121032997966,0.000000003170
412,0.120117999613,0.000000003170
413,0.121389001608,0.000000003170
414,0.124062001705,0.000000003170
415,0.124973997474,0.000000003170
416,0.126104995608,0.000000003170
417,0.125416994095,0.000000003170
418,0.127379998565,0.000000003170
419,0.128355994821,0.000000003170
420,0.128494992852,0.000000003170
421,0.128445997834,0.000000003170
422,0.131507992744,0.000000003170
423,0.128641992807,0.000000003170
424,0.129436001182,0.000000003170
425,0.133000999689,0.000000003170
426,0.133978992701,0.000000003170
427,0.134915992618,0.000000003170
428,0.135624006391,0.000000003170
429,0.134764000773,0.000000003170
430,0.136950999498,0.000000003170
431,0.136432006955,0.000000003170
432,0.137273997068,0.000000003170
433,0.140598997474,0.000000003170
434,0.141586005688,0.000000003170
435,0.142103001475,0.000000003170
436,0.142024993896,0.000000003170
437,0.141879007220,0.000000003170
438,0.145831003785,0.000000003170
439,0.143446996808,0.000000003170
440,0.147348999977,0.000000003170
441,0.148570001125,0.000000003170
442,0.149445995688,0.000000003170
443,0.150365993381,0.000000003170
444,0.151271998882,0.000000003170
445,0.153130993247,0.000000003170
446,0.152704000473,0.000000003170
447,0.151201993227,0.000000003170
448,0.154891997576,0.000000003170
449,0.153375998139,0.000000003170
450,0.162755995989,0.000000003170
451,0.159808993340,0.000000003170
452,0.159573003650,0.000000003170
453,0.158248007298,0.000000003170
454,0.159849002957,0.000000003170
455,0.160073995590,0.000000003170
456,0.161229997873,0.000000003170
457,0.162673994899,0.000000003170
458,0.163165003061,0.000000003170
459,0.170447006822,0.000000003170
460,0.167031005025,0.000000003170
461,0.167777001858,0.000000003170
462,0.169466003776,0.000000003170
463,0.170089006424,0.000000003170
464,0.173155993223,0.000000003170
465,0.181811004877,0.000000003170
466,0.194499999285,0.000000003170
467,0.180467993021,0.000000003170
468,0.187591999769,0.000000003170
469,0.182824999094,0.000000003170
470,0.181732997298,0.000000003170
471,0.182936996222,0.000000003170
472,0.192519992590,0.000000003170
473,0.192570999265,0.000000003170
474,0.201848000288,0.000000003170
475,0.197996005416,0.000000003170
476,0.195759996772,0.000000003170
477,0.195070996881,0.000000003170
478,0.197029992938,0.000000003170
479,0.194083005190,0.000000003170
480,0.193032994866,0.000000003170
481,0.203869998455,0.000000003170
482,0.201521992683,0.000000003170
483,0.205693006516,0.000000003170
484,0.207556992769,0.000000003170
485,0.202689006925,0.000000003170
486,0.210484996438,0.000000003170
487,0.205696001649,0.000000003170
488,0.203749001026,0.000000003170
489,0.215608999133,0.000000003170
490,0.218740999699,0.000000003170
491,0.213237002492,0.000000003170
492,0.215822994709,0.000000003170
493,0.208416000009,0.000000003170
494,0.209728002548,0.000000003170
495,0.211734995246,0.000000003170
496,0.211631000042,0.000000003170
497,0.212005004287,0.000000003170
498,0.210205003619,0.000000003170
499,0.212698996067,0.000000003170
500,0.211124002934,0.000000003170
