1,0.000000000000,0.000000002808
2,0.000000000000,0.000000002808
3,0.000000000000,0.000000002808
4,0.000001000000,0.000000002808
5,0.000002000000,0.000000002808
6,0.000004000000,0.000000002808
7,0.000005000000,0.000000002808
8,0.000006000000,0.000000002808
9,0.000009000000,0.000000002808
10,0.000011000000,0.000000002808
11,0.000013000000,0.000000002808
12,0.000018000001,0.000000002808
13,0.000023000001,0.000000002808
14,0.000018999999,0.000000002808
15,0.000023000001,0.000000002808
16,0.000027000000,0.000000002808
17,0.000031000000,0.000000002808
18,0.000037000002,0.000000002808
19,0.000043000000,0.000000002808
20,0.000048999998,0.000000002808
21,0.000055000000,0.000000002808
22,0.000130999993,0.000000002808
23,0.000071000002,0.000000002808
24,0.000079999998,0.000000002808
25,0.000085000000,0.000000002808
26,0.000097999997,0.000000002808
27,0.000108000000,0.000000002808
28,0.000119999997,0.000000002808
29,0.000130999993,0.000000002808
30,0.000144000005,0.000000002808
31,0.000157000002,0.000000002808
32,0.000172999993,0.000000002808
33,0.000188999998,0.000000002808
34,0.000205999997,0.000000002808
35,0.000218000001,0.000000002808
36,0.000228999997,0.000000002808
37,0.000255999999,0.000000002808
38,0.000287000003,0.000000002808
39,0.000318000006,0.000000002808
40,0.000362999999,0.000000002808
41,0.000399000011,0.000000002808
42,0.000394000002,0.000000002808
43,0.000375000003,0.000000002808
44,0.000409000000,0.000000002808
45,0.000436000002,0.000000002808
46,0.000457999995,0.000000002808
47,0.000490000006,0.000000002808
48,0.000514000014,0.000000002808
49,0.000546000025,0.000000002808
50,0.000577999977,0.000000002808
51,0.000661999977,0.000000002808
52,0.000636000012,0.000000002808
53,0.000673000002,0.000000002808
54,0.000709999993,0.000000002808
55,0.000737999973,0.000000002808
56,0.000777999987,0.000000002808
57,0.000821000023,0.000000002808
58,0.000859999971,0.000000002808
59,0.000906999980,0.000000002808
60,0.000938999990,0.000000002808
61,0.000990999979,0.000000002808
62,0.001746000024,0.000000002808
63,0.001083999989,0.000000002808
64,0.001136000035,0.000000002808
65,0.001183000044,0.000000002808
66,0.001235999982,0.000000002808
67,0.001285000006,0.000000002808
68,0.001346000005,0.000000002808
69,0.001411000034,0.000000002808
70,0.001490999945,0.000000002808
71,0.001512999996,0.000000002808
72,0.001576000010,0.000000002808
73,0.001639000024,0.000000002808
74,0.001697000000,0.000000002808
75,0.001768999966,0.000000002808
76,0.001841000048,0.000000002808
77,0.001903999946,0.000000002808
78,0.001976999920,0.000000002808
79,0.002056000056,0.000000002808
80,0.002136999974,0.000000002808
81,0.002216999885,0.000000002808
82,0.002298000036,0.000000002808
83,0.002488000086,0.000000002808
84,0.002451000037,0.000000002808
85,0.002539000008,0.000000002808
86,0.002654999960,0.000000002808
87,0.002728000050,0.000000002808
88,0.002825000091,0.000000002808
89,0.002872999990,0.000000002808
90,0.002972000046,0.000000002808
91,0.003106999910,0.000000002808
92,0.003164999885,0.000000002808
93,0.003269999987,0.000000002808
94,0.003386999946,0.000000002808
95,0.003467000090,0.000000002808
96,0.003650000086,0.000000002808
97,0.003690999933,0.000000002808
98,0.003788999980,0.000000002808
99,0.003878999967,0.000000002808
100,0.004035000224,0.000000002808
101,0.004228999838,0.000000002808
102,0.004259000067,0.000000002808
103,0.004360999912,0.000000002808
104,0.004484000150,0.000000002808
105,0.004648999777,0.000000002808
106,0.004765999969,0.000000002808
107,0.004873000085,0.000000002808
108,0.005040000193,0.000000002808
109,0.005166999996,0.000000002808
110,0.005293000024,0.000000002808
111,0.005413999781,0.000000002808
112,0.005586000159,0.000000002808
113,0.006403000094,0.000000002808
114,0.005886999890,0.000000002808
115,0.006006999873,0.000000002808
116,0.006175999995,0.000000002808
117,0.006337000057,0.000000002808
118,0.006482999772,0.000000002808
119,0.006663000211,0.000000002808
120,0.006804999895,0.000000002808
121,0.007224000059,0.000000002808
122,0.007112999912,0.000000002808
123,0.007267000154,0.000000002808
124,0.007478999905,0.000000002808
125,0.007660999894,0.000000002808
126,0.007841000333,0.000000002808
127,0.008058000356,0.000000002808
128,0.008225000463,0.000000002808
129,0.008419999853,0.000000002808
130,0.008750000037,0.000000002808
131,0.009990000166,0.000000002808
132,0.012474999763,0.000000002808
133,0.011355999857,0.000000002808
134,0.010223000310,0.000000002808
135,0.010858999565,0.000000002808
136,0.011191999540,0.000000002808
137,0.011210000142,0.000000002808
138,0.010329999961,0.000000002808
139,0.010405000299,0.000000002808
140,0.010711999610,0.000000002808
141,0.010844999924,0.000000002808
142,0.011009999551,0.000000002808
143,0.011233000085,0.000000002808
144,0.011528999545,0.000000002808
145,0.012516000308,0.000000002808
146,0.011966999620,0.000000002808
147,0.012234999798,0.000000002808
148,0.012525999919,0.000000002808
149,0.012717000209,0.000000002808
150,0.012930000201,0.000000002808
151,0.013185000047,0.000000002808
152,0.013523999602,0.000000002808
153,0.013771999627,0.000000002808
154,0.013949000277,0.000000002808
155,0.014925999567,0.000000002808
156,0.014541000128,0.000000002808
157,0.014809000306,0.000000002808
158,0.015066999942,0.000000002808
159,0.015389000066,0.000000002808
160,0.015860000625,0.000000002808
161,0.016374999657,0.000000002808
162,0.016606999561,0.000000002808
163,0.016801999882,0.000000002808
164,0.017325999215,0.000000002808
165,0.018270999193,0.000000002808
166,0.017408000305,0.000000002808
167,0.017727000639,0.000000002808
168,0.018761999905,0.000000002808
169,0.018857000396,0.000000002808
170,0.019794000313,0.000000002808
171,0.019570000470,0.000000002808
172,0.020617000759,0.000000002808
173,0.020053999498,0.000000002808
174,0.020765999332,0.000000002808
175,0.020851999521,0.000000002808
176,0.021149000153,0.000000002808
177,0.021637000144,0.000000002808
178,0.021810000762,0.000000002808
179,0.022206999362,0.000000002808
180,0.023287000135,0.000000002808
181,0.023019999266,0.000000002808
182,0.023259999231,0.000000002808
183,0.023561000824,0.000000002808
184,0.024119999260,0.000000002808
185,0.024653000757,0.000000002808
186,0.025086000562,0.000000002808
187,0.025557000190,0.000000002808
188,0.026813000441,0.000000002808
189,0.027876999229,0.000000002808
190,0.026705000550,0.000000002808
191,0.028248000890,0.000000002808
192,0.027383999899,0.000000002808
193,0.027434000745,0.000000002808
194,0.027696000412,0.000000002808
195,0.027923999354,0.000000002808
196,0.029267000034,0.000000002808
197,0.029085999355,0.000000002808
198,0.029154999182,0.000000002808
199,0.029536999762,0.000000002808
200,0.030076999217,0.000000002808
201,0.043804999441,0.000000002808
202,0.033011000603,0.000000002808
203,0.032310999930,0.000000002808
204,0.032643001527,0.000000002808
205,0.033332001418,0.000000002808
206,0.033606000245,0.000000002808
207,0.033792998642,0.000000002808
208,0.034563999623,0.000000002808
209,0.035339999944,0.000000002808
210,0.035532999784,0.000000002808
211,0.036687001586,0.000000002808
212,0.038228999823,0.000000002808
213,0.040272999555,0.000000002808
214,0.039267998189,0.000000002808
215,0.043490000069,0.000000002808
216,0.039827998728,0.000000002808
217,0.040518999100,0.000000002808
218,0.040231999010,0.000000002808
219,0.040187999606,0.000000002808
220,0.040578998625,0.000000002808
221,0.041340999305,0.000000002808
222,0.041264999658,0.000000002808
223,0.041824001819,0.000000002808
224,0.041981998831,0.000000002808
225,0.043104000390,0.000000002808
226,0.043120000511,0.000000002808
227,0.043760001659,0.000000002808
228,0.044263999909,0.000000002808
229,0.044792000204,0.000000002808
230,0.045435998589,0.000000002808
231,0.045823000371,0.000000002808
232,0.046946998686,0.000000002808
233,0.047217000276,0.000000002808
234,0.047793999314,0.000000002808
235,0.048324000090,0.000000002808
236,0.049683999270,0.000000002808
237,0.050861001015,0.000000002808
238,0.051701001823,0.000000002808
239,0.052613001317,0.000000002808
240,0.053118001670,0.000000002808
241,0.053619001061,0.000000002808
242,0.052992999554,0.000000002808
243,0.053486999124,0.000000002808
244,0.054214000702,0.000000002808
245,0.055569998920,0.000000002808
246,0.056531999260,0.000000002808
247,0.057597998530,0.000000002808
248,0.057682000101,0.000000002808
249,0.058104999363,0.000000002808
250,0.060183998197,0.000000002808
251,0.060345001519,0.000000002808
252,0.061485998333,0.000000002808
253,0.062512002885,0.000000002808
254,0.068810999393,0.000000002808
255,0.067777000368,0.000000002808
256,0.062994003296,0.000000002808
257,0.064862996340,0.000000002808
258,0.063864000142,0.000000002808
259,0.064519003034,0.000000002808
260,0.067235998809,0.000000002808
261,0.067997999489,0.000000002808
262,0.077330999076,0.000000002808
263,0.070041999221,0.000000002808
264,0.069592997432,0.000000002808
265,0.072373002768,0.000000002808
266,0.073348999023,0.000000002808
267,0.077768996358,0.000000002808
268,0.074358999729,0.000000002808
269,0.074830003083,0.000000002808
270,0.074352003634,0.000000002808
271,0.075727999210,0.000000002808
272,0.075065001845,0.000000002808
273,0.076581999660,0.000000002808
274,0.076883003116,0.000000002808
275,0.078730002046,0.000000002808
276,0.080692000687,0.000000002808
277,0.082084998488,0.000000002808
278,0.084608003497,0.000000002808
279,0.082850001752,0.000000002808
280,0.085129998624,0.000000002808
281,0.085239000618,0.000000002808
282,0.086691997945,0.000000002808
283,0.087815999985,0.000000002808
284,0.088196001947,0.000000002808
285,0.089158996940,0.000000002808
286,0.090847998857,0.000000002808
287,0.092087000608,0.000000002808
288,0.092091999948,0.000000002808
289,0.090884000063,0.000000002808
290,0.091415002942,0.000000002808
291,0.092546999454,0.000000002808
292,0.094076998532,0.000000002808
293,0.094484001398,0.000000002808
294,0.097943998873,0.000000002808
295,0.102986000478,0.000000002808
296,0.104410998523,0.000000002808
297,0.099324002862,0.000000002808
298,0.099317997694,0.000000002808
299,0.103253997862,0.000000002808
300,0.107276000082,0.000000002808
301,0.105306997895,0.000000002808
302,0.106362998486,0.000000002808
303,0.105476997793,0.000000002808
304,0.106464996934,0.000000002808
305,0.106581002474,0.000000002808
306,0.109563000500,0.000000002808
307,0.111432000995,0.000000002808
308,0.114129997790,0.000000002808
309,0.118539996445,0.000000002808
310,0.122106000781,0.000000002808
311,0.113904997706,0.000000002808
312,0.113843001425,0.000000002808
313,0.115195997059,0.000000002808
314,0.120431996882,0.000000002808
315,0.120385996997,0.000000002808
316,0.120618999004,0.000000002808
317,0.119534000754,0.000000002808
318,0.126101002097,0.000000002808
319,0.127177998424,0.000000002808
320,0.123405002058,0.000000002808
321,0.124118998647,0.000000002808
322,0.127816006541,0.000000002808
323,0.130278006196,0.000000002808
324,0.131647005677,0.000000002808
325,0.129757001996,0.000000002808
326,0.129464998841,0.000000002808
327,0.130418002605,0.000000002808
328,0.135122999549,0.000000002808
329,0.138090997934,0.000000002808
330,0.139099001884,0.000000002808
331,0.141338005662,0.000000002808
332,0.139939993620,0.000000002808
333,0.141145005822,0.000000002808
334,0.141501992941,0.000000002808
335,0.147810995579,0.000000002808
336,0.143119007349,0.000000002808
337,0.143494993448,0.000000002808
338,0.144879996777,0.000000002808
339,0.146102994680,0.000000002808
340,0.154052004218,0.000000002808
341,0.150542005897,0.000000002808
342,0.149534001946,0.000000002808
343,0.152633994818,0.000000002808
344,0.154576003551,0.000000002808
345,0.154718995094,0.000000002808
346,0.161278992891,0.000000002808
347,0.157075002789,0.000000002808
348,0.160784006119,0.000000002808
349,0.162112995982,0.000000002808
350,0.165165007114,0.000000002808
351,0.166114002466,0.000000002808
352,0.165957003832,0.000000002808
353,0.169580996037,0.000000002808
354,0.174679994583,0.000000002808
355,0.170809000731,0.000000002808
356,0.171497002244,0.000000002808
357,0.172417998314,0.000000002808
358,0.207946002483,0.000000002808
359,0.181678995490,0.000000002808
360,0.181314006448,0.000000002808
361,0.181051000953,0.000000002808
362,0.183996006846,0.000000002808
363,0.180637001991,0.000000002808
364,0.185118004680,0.000000002808
365,0.192717000842,0.000000002808
366,0.191495001316,0.000000002808
367,0.192083999515,0.000000002808
368,0.199375003576,0.000000002808
369,0.201110005379,0.000000002808
370,0.198443993926,0.000000002808
371,0.204223006964,0.000000002808
372,0.203424006701,0.000000002808
373,0.201824992895,0.000000002808
374,0.202223002911,0.000000002808
375,0.201412007213,0.000000002808
376,0.222596004605,0.000000002808
377,0.205366998911,0.000000002808
378,0.203924998641,0.000000002808
379,0.206402003765,0.000000002808
380,0.213607996702,0.000000002808
381,0.212430998683,0.000000002808
382,0.242649003863,0.000000002808
383,0.236708000302,0.000000002808
384,0.216753005981,0.000000002808
385,0.224840000272,0.000000002808
386,0.226147994399,0.000000002808
387,0.224010005593,0.000000002808
388,0.223672002554,0.000000002808
389,0.233717992902,0.000000002808
390,0.230983003974,0.000000002808
391,0.230148002505,0.000000002808
392,0.233980000019,0.000000002808
393,0.243557006121,0.000000002808
394,0.236597999930,0.000000002808
395,0.242116004229,0.000000002808
396,0.248282000422,0.000000002808
397,0.253313988447,0.000000002808
398,0.252819001675,0.000000002808
399,0.246197998524,0.000000002808
400,0.248383000493,0.000000002808
401,0.252582013607,0.000000002808
402,0.253037989140,0.000000002808
403,0.250977993011,0.000000002808
404,0.260466992855,0.000000002808
405,0.268032997847,0.000000002808
406,0.254909992218,0.000000002808
407,0.264421999454,0.000000002808
408,0.258843988180,0.000000002808
409,0.264694988728,0.000000002808
410,0.283428013325,0.000000002808
411,0.264275997877,0.000000002808
412,0.294743001461,0.000000002808
413,0.283093005419,0.000000002808
414,0.285930991173,0.000000002808
415,0.278943985701,0.000000002808
416,0.273524999619,0.000000002808
417,0.278091996908,0.000000002808
418,0.280245006084,0.000000002808
419,0.282222986221,0.000000002808
420,0.280701994896,0.000000002808
421,0.286940008402,0.000000002808
422,0.288127988577,0.000000002808
423,0.294997006655,0.000000002808
424,0.292039990425,0.000000002808
425,0.307224988937,0.000000002808
426,0.310555994511,0.000000002808
427,0.303371995687,0.000000002808
428,0.341403007507,0.000000002808
429,0.299358010292,0.000000002808
430,0.308515995741,0.000000002808
431,0.306919008493,0.000000002808
432,0.309819996357,0.000000002808
433,0.311277985573,0.000000002808
434,0.314070999622,0.000000002808
435,0.324882000685,0.000000002808
436,0.330170989037,0.000000002808
437,0.330168992281,0.000000002808
438,0.327663987875,0.000000002808
439,0.326122999191,0.000000002808
440,0.346385985613,0.000000002808
441,0.338595002890,0.000000002808
442,0.354072004557,0.000000002808
443,0.341693013906,0.000000002808
444,0.337935000658,0.000000002808
445,0.340299993753,0.000000002808
446,0.362841010094,0.000000002808
447,0.367718011141,0.000000002808
448,0.349049985409,0.000000002808
449,0.345423996449,0.000000002808
450,0.353899002075,0.000000002808
451,0.356447011232,0.000000002808
452,0.352528989315,0.000000002808
453,0.360000997782,0.000000002808
454,0.359735995531,0.000000002808
455,0.360556006432,0.000000002808
456,0.362277001143,0.000000002808
457,0.370323002338,0.000000002808
458,0.372566014528,0.000000002808
459,0.369641005993,0.000000002808
460,0.375658988953,0.000000002808
461,0.378912985325,0.000000002808
462,0.377653986216,0.000000002808
463,0.385394990444,0.000000002808
464,0.385845988989,0.000000002808
465,0.383249014616,0.000000002808
466,0.391039997339,0.000000002808
467,0.395242005587,0.000000002808
468,0.391371995211,0.000000002808
469,0.399300009012,0.000000002808
470,0.400925010443,0.000000002808
471,0.398788988590,0.000000002808
472,0.408062011003,0.000000002808
473,0.411314994097,0.000000002808
474,0.410057991743,0.000000002808
475,0.414900988340,0.000000002808
476,0.420006006956,0.000000002808
477,0.418466985226,0.000000002808
478,0.430797994137,0.000000002808
479,0.434303998947,0.000000002808
480,0.427244991064,0.000000002808
481,0.430893987417,0.000000002808
482,0.430907994509,0.000000002808
483,0.443253010511,0.000000002808
484,0.438816994429,0.000000002808
485,0.436724007130,0.000000002808
486,0.445091009140,0.000000002808
487,0.449456989765,0.000000002808
488,0.453085988760,0.000000002808
489,0.454313993454,0.000000002808
490,0.455453991890,0.000000002808
491,0.466111004353,0.000000002808
492,0.461032986641,0.000000002808
493,0.465151011944,0.000000002808
494,0.470104992390,0.000000002808
495,0.468183010817,0.000000002808
496,0.474083006382,0.000000002808
497,0.473430991173,0.000000002808
498,0.479800999165,0.000000002808
499,0.484273999929,0.000000002808
500,0.481278985739,0.000000002808
