1,0.000001000000,0.000000003191
2,0.000001000000,0.000000003191
3,0.000001000000,0.000000003191
4,0.000001000000,0.000000003191
5,0.000002000000,0.000000003191
6,0.000003000000,0.000000003191
7,0.000005000000,0.000000003191
8,0.000006000000,0.000000003191
9,0.000008000000,0.000000003191
10,0.000011000000,0.000000003191
11,0.000016000000,0.000000003191
12,0.000017000000,0.000000003191
13,0.000018999999,0.000000003191
14,0.000018000001,0.000000003191
15,0.000023000001,0.000000003191
16,0.000026000000,0.000000003191
17,0.000029999999,0.000000003191
18,0.000036000001,0.000000003191
19,0.000039999999,0.000000003191
20,0.000047000001,0.000000003191
21,0.000053000000,0.000000003191
22,0.000059999998,0.000000003191
23,0.000069000002,0.000000003191
24,0.000076999997,0.000000003191
25,0.000091000002,0.000000003191
26,0.000095000003,0.000000003191
27,0.000103999999,0.000000003191
28,0.000117000003,0.000000003191
29,0.000127000007,0.000000003191
30,0.000142000004,0.000000003191
31,0.000153999994,0.000000003191
32,0.000163999997,0.000000003191
33,0.000180999996,0.000000003191
34,0.000199999995,0.000000003191
35,0.000214000000,0.000000003191
36,0.000226999997,0.000000003191
37,0.000250999990,0.000000003191
38,0.000264000002,0.000000003191
39,0.000288999989,0.000000003191
40,0.000306000002,0.000000003191
41,0.000330000010,0.000000003191
42,0.000361000013,0.000000003191
43,0.000391999987,0.000000003191
44,0.000402000005,0.000000003191
45,0.000426999992,0.000000003191
46,0.000461999996,0.000000003191
47,0.000474000000,0.000000003191
48,0.000508999976,0.000000003191
49,0.000540999987,0.000000003191
50,0.000575000013,0.000000003191
51,0.000595999998,0.000000003191
52,0.000630999974,0.000000003191
53,0.000691999972,0.000000003191
54,0.000707999978,0.000000003191
55,0.000745000027,0.000000003191
56,0.000778999995,0.000000003191
57,0.000820000016,0.000000003191
58,0.000854999991,0.000000003191
59,0.000921999977,0.000000003191
60,0.000938999990,0.000000003191
61,0.000995000009,0.000000003191
62,0.001037999988,0.000000003191
63,0.001086000004,0.000000003191
64,0.001138000051,0.000000003191
65,0.001658999943,0.000000003191
66,0.001993000042,0.000000003191
67,0.001675999956,0.000000003191
68,0.001353999949,0.000000003191
69,0.001411000034,0.000000003191
70,0.001464999979,0.000000003191
71,0.001516000018,0.000000003191
72,0.001575000002,0.000000003191
73,0.001682000002,0.000000003191
74,0.001762000029,0.000000003191
75,0.001770999981,0.000000003191
76,0.001839000033,0.000000003191
77,0.001910999999,0.000000003191
78,0.001976999920,0.000000003191
79,0.002062000101,0.000000003191
80,0.002133999951,0.000000003191
81,0.002215000102,0.000000003191
82,0.002307000104,0.000000003191
83,0.002350999974,0.000000003191
84,0.002473999979,0.000000003191
85,0.002552000107,0.000000003191
86,0.002616999904,0.000000003191
87,0.002707999898,0.000000003191
88,0.002826000098,0.000000003191
89,0.002898999956,0.000000003191
90,0.002998000011,0.000000003191
91,0.003073999891,0.000000003191
92,0.003173999954,0.000000003191
93,0.003379999893,0.000000003191
94,0.003405000083,0.000000003191
95,0.003477999941,0.000000003191
96,0.003647000063,0.000000003191
97,0.003735000035,0.000000003191
98,0.003811999923,0.000000003191
99,0.003911999986,0.000000003191
100,0.004033000208,0.000000003191
101,0.004362999927,0.000000003191
102,0.004290000070,0.000000003191
103,0.004389999900,0.000000003191
104,0.004544000141,0.000000003191
105,0.004668999929,0.000000003191
106,0.004836999811,0.000000003191
107,0.004914000165,0.000000003191
108,0.005208000075,0.000000003191
109,0.005208000075,0.000000003191
110,0.005328000057,0.000000003191
111,0.005574000068,0.000000003191
112,0.005636999849,0.000000003191
113,0.005741999950,0.000000003191
114,0.005927999970,0.000000003191
115,0.006080000196,0.000000003191
116,0.006194000132,0.000000003191
117,0.006411000155,0.000000003191
118,0.006550000049,0.000000003191
119,0.006678999867,0.000000003191
120,0.006876000203,0.000000003191
121,0.007100000046,0.000000003191
122,0.007333000191,0.000000003191
123,0.007373999804,0.000000003191
124,0.007610999979,0.000000003191
125,0.008092000149,0.000000003191
126,0.009719000198,0.000000003191
127,0.009410999715,0.000000003191
128,0.009999999776,0.000000003191
129,0.008554999717,0.000000003191
130,0.008744999766,0.000000003191
131,0.008922999725,0.000000003191
132,0.009081999771,0.000000003191
133,0.009327000007,0.000000003191
134,0.009522000328,0.000000003191
135,0.009820000269,0.000000003191
136,0.009998000227,0.000000003191
137,0.010311000049,0.000000003191
138,0.010416000150,0.000000003191
139,0.010602000169,0.000000003191
140,0.010813999921,0.000000003191
141,0.011094000190,0.000000003191
142,0.011280000210,0.000000003191
143,0.011393000372,0.000000003191
144,0.011735999957,0.000000003191
145,0.012006999925,0.000000003191
146,0.016053000465,0.000000003191
147,0.014415999874,0.000000003191
148,0.014427999966,0.000000003191
149,0.013017999940,0.000000003191
150,0.013511000201,0.000000003191
151,0.014208000153,0.000000003191
152,0.015695000067,0.000000003191
153,0.014245999977,0.000000003191
154,0.014272999950,0.000000003191
155,0.014729999937,0.000000003191
156,0.014816000126,0.000000003191
157,0.015146000311,0.000000003191
158,0.017488999292,0.000000003191
159,0.017963999882,0.000000003191
160,0.017719000578,0.000000003191
161,0.017862999812,0.000000003191
162,0.017952000722,0.000000003191
163,0.019985999912,0.000000003191
164,0.022429000586,0.000000003191
165,0.018163999543,0.000000003191
166,0.018193000928,0.000000003191
167,0.019440000877,0.000000003191
168,0.019324999303,0.000000003191
169,0.019305000082,0.000000003191
170,0.019483000040,0.000000003191
171,0.019355000928,0.000000003191
172,0.019745999947,0.000000003191
173,0.020052999258,0.000000003191
174,0.020457999781,0.000000003191
175,0.025377999991,0.000000003191
176,0.021149000153,0.000000003191
177,0.021462000906,0.000000003191
178,0.021593000740,0.000000003191
179,0.022159000859,0.000000003191
180,0.022567000240,0.000000003191
181,0.023000000045,0.000000003191
182,0.023174999282,0.000000003191
183,0.023516999558,0.000000003191
184,0.024031000212,0.000000003191
185,0.024462999776,0.000000003191
186,0.026412000880,0.000000003191
187,0.025232000276,0.000000003191
188,0.026217000559,0.000000003191
189,0.026482999325,0.000000003191
190,0.027902999893,0.000000003191
191,0.027720000595,0.000000003191
192,0.027292000130,0.000000003191
193,0.028533000499,0.000000003191
194,0.028102999553,0.000000003191
195,0.029715999961,0.000000003191
196,0.028700999916,0.000000003191
197,0.029044000432,0.000000003191
198,0.029532000422,0.000000003191
199,0.029950000346,0.000000003191
200,0.030509000644,0.000000003191
201,0.031399000436,0.000000003191
202,0.032085999846,0.000000003191
203,0.035528000444,0.000000003191
204,0.041985999793,0.000000003191
205,0.036486998200,0.000000003191
206,0.034866999835,0.000000003191
207,0.034910999238,0.000000003191
208,0.034924000502,0.000000003191
209,0.037174001336,0.000000003191
210,0.035252001137,0.000000003191
211,0.035927999765,0.000000003191
212,0.036462999880,0.000000003191
213,0.036912001669,0.000000003191
214,0.037202998996,0.000000003191
215,0.037583999336,0.000000003191
216,0.040653999895,0.000000003191
217,0.038890998811,0.000000003191
218,0.039439998567,0.000000003191
219,0.040686998516,0.000000003191
220,0.042125001550,0.000000003191
221,0.042192000896,0.000000003191
222,0.048705000430,0.000000003191
223,0.044812999666,0.000000003191
224,0.044213000685,0.000000003191
225,0.043166000396,0.000000003191
226,0.043878998607,0.000000003191
227,0.047095000744,0.000000003191
228,0.045494001359,0.000000003191
229,0.046675998718,0.000000003191
230,0.047527000308,0.000000003191
231,0.046930000186,0.000000003191
232,0.049871999770,0.000000003191
233,0.048259001225,0.000000003191
234,0.050145000219,0.000000003191
235,0.049488000572,0.000000003191
236,0.050025001168,0.000000003191
237,0.053805001080,0.000000003191
238,0.051438998431,0.000000003191
239,0.052347000688,0.000000003191
240,0.053011000156,0.000000003191
241,0.054629001766,0.000000003191
242,0.059312000871,0.000000003191
243,0.061810001731,0.000000003191
244,0.058552999049,0.000000003191
245,0.069553002715,0.000000003191
246,0.078882001340,0.000000003191
247,0.066414996982,0.000000003191
248,0.078160002828,0.000000003191
249,0.064574003220,0.000000003191
250,0.061558000743,0.000000003191
251,0.063483998179,0.000000003191
252,0.064355999231,0.000000003191
253,0.066380001605,0.000000003191
254,0.069407999516,0.000000003191
255,0.070996001363,0.000000003191
256,0.068595997989,0.000000003191
257,0.066024996340,0.000000003191
258,0.067682996392,0.000000003191
259,0.068154998124,0.000000003191
260,0.071870997548,0.000000003191
261,0.069646999240,0.000000003191
262,0.069628000259,0.000000003191
263,0.072668001056,0.000000003191
264,0.069854997098,0.000000003191
265,0.070817999542,0.000000003191
266,0.071479000151,0.000000003191
267,0.075542002916,0.000000003191
268,0.074522003531,0.000000003191
269,0.074844002724,0.000000003191
270,0.077924996614,0.000000003191
271,0.076246000826,0.000000003191
272,0.076539002359,0.000000003191
273,0.088007003069,0.000000003191
274,0.081444002688,0.000000003191
275,0.078883998096,0.000000003191
276,0.081830002367,0.000000003191
277,0.080999001861,0.000000003191
278,0.081271000206,0.000000003191
279,0.087984003127,0.000000003191
280,0.088142000139,0.000000003191
281,0.089739002287,0.000000003191
282,0.094663999975,0.000000003191
283,0.090962000191,0.000000003191
284,0.091623999178,0.000000003191
285,0.093978002667,0.000000003191
286,0.097750999033,0.000000003191
287,0.128838002682,0.000000003191
288,0.097488000989,0.000000003191
289,0.099200002849,0.000000003191
290,0.094590999186,0.000000003191
291,0.094636000693,0.000000003191
292,0.110008999705,0.000000003191
293,0.099521003664,0.000000003191
294,0.100712999701,0.000000003191
295,0.097010999918,0.000000003191
296,0.103207997978,0.000000003191
297,0.099804997444,0.000000003191
298,0.105318002403,0.000000003191
299,0.117328003049,0.000000003191
300,0.111980997026,0.000000003191
301,0.107922002673,0.000000003191
302,0.105711996555,0.000000003191
303,0.111042000353,0.000000003191
304,0.112235002220,0.000000003191
305,0.115638002753,0.000000003191
306,0.122349001467,0.000000003191
307,0.131319001317,0.000000003191
308,0.133021995425,0.000000003191
309,0.129016995430,0.000000003191
310,0.119604997337,0.000000003191
311,0.122316002846,0.000000003191
312,0.117590002716,0.000000003191
313,0.135646998882,0.000000003191
314,0.120212003589,0.000000003191
315,0.121754996479,0.000000003191
316,0.119625002146,0.000000003191
317,0.123722001910,0.000000003191
318,0.128346994519,0.000000003191
319,0.134001001716,0.000000003191
320,0.126471996307,0.000000003191
321,0.134081006050,0.000000003191
322,0.127159997821,0.000000003191
323,0.130104005337,0.000000003191
324,0.130549997091,0.000000003191
325,0.143352001905,0.000000003191
326,0.150842994452,0.000000003191
327,0.134268999100,0.000000003191
328,0.136684998870,0.000000003191
329,0.135413005948,0.000000003191
330,0.139151006937,0.000000003191
331,0.139083996415,0.000000003191
332,0.150823995471,0.000000003191
333,0.146946996450,0.000000003191
334,0.145287007093,0.000000003191
335,0.151007995009,0.000000003191
336,0.143959000707,0.000000003191
337,0.150270998478,0.000000003191
338,0.157719001174,0.000000003191
339,0.151636004448,0.000000003191
340,0.154743999243,0.000000003191
341,0.155625000596,0.000000003191
342,0.152547001839,0.000000003191
343,0.166367992759,0.000000003191
344,0.169401004910,0.000000003191
345,0.156797006726,0.000000003191
346,0.163185998797,0.000000003191
347,0.163044005632,0.000000003191
348,0.159474998713,0.000000003191
349,0.163534000516,0.000000003191
350,0.171883001924,0.000000003191
351,0.169783994555,0.000000003191
352,0.169505998492,0.000000003191
353,0.169434994459,0.000000003191
354,0.169655993581,0.000000003191
355,0.177568003535,0.000000003191
356,0.174095004797,0.000000003191
357,0.173567995429,0.000000003191
358,0.176445007324,0.000000003191
359,0.178229004145,0.000000003191
360,0.179216995835,0.000000003191
361,0.178878992796,0.000000003191
362,0.183191001415,0.000000003191
363,0.188723996282,0.000000003191
364,0.190052002668,0.000000003191
365,0.186460003257,0.000000003191
366,0.190419003367,0.000000003191
367,0.232830002904,0.000000003191
368,0.193637996912,0.000000003191
369,0.194243997335,0.000000003191
370,0.196750000119,0.000000003191
371,0.194541007280,0.000000003191
372,0.198366001248,0.000000003191
373,0.201025992632,0.000000003191
374,0.201664000750,0.000000003191
375,0.202584996819,0.000000003191
376,0.207587003708,0.000000003191
377,0.206588998437,0.000000003191
378,0.212586998940,0.000000003191
379,0.211248993874,0.000000003191
380,0.211209997535,0.000000003191
381,0.218278005719,0.000000003191
382,0.241703003645,0.000000003191
383,0.241068005562,0.000000003191
384,0.218833997846,0.000000003191
385,0.218000993133,0.000000003191
386,0.224048003554,0.000000003191
387,0.226151004434,0.000000003191
388,0.226613998413,0.000000003191
389,0.228759005666,0.000000003191
390,0.228358000517,0.000000003191
391,0.233055993915,0.000000003191
392,0.237029999495,0.000000003191
393,0.235453993082,0.000000003191
394,0.245364993811,0.000000003191
395,0.241730004549,0.000000003191
396,0.247069001198,0.000000003191
397,0.247678995132,0.000000003191
398,0.249237999320,0.000000003191
399,0.248791992664,0.000000003191
400,0.249713003635,0.000000003191
401,0.249202996492,0.000000003191
402,0.251855999231,0.000000003191
403,0.253794014454,0.000000003191
404,0.260549992323,0.000000003191
405,0.256498992443,0.000000003191
406,0.261880010366,0.000000003191
407,0.263116985559,0.000000003191
408,0.264118999243,0.000000003191
409,0.265338987112,0.000000003191
410,0.270175009966,0.000000003191
411,0.269262999296,0.000000003191
412,0.272242993116,0.000000003191
413,0.272069990635,0.000000003191
414,0.283095985651,0.000000003191
415,0.285946011543,0.000000003191
416,0.278245985508,0.000000003191
417,0.284144014120,0.000000003191
418,0.288527995348,0.000000003191
419,0.284447997808,0.000000003191
420,0.288064986467,0.000000003191
421,0.289294004440,0.000000003191
422,0.290760010481,0.000000003191
423,0.297363013029,0.000000003191
424,0.294358998537,0.000000003191
425,0.301301002502,0.000000003191
426,0.298909991980,0.000000003191
427,0.305299013853,0.000000003191
428,0.310045987368,0.000000003191
429,0.308512985706,0.000000003191
430,0.321047991514,0.000000003191
431,0.319415986538,0.000000003191
432,0.318226009607,0.000000003191
433,0.313753992319,0.000000003191
434,0.325044006109,0.000000003191
435,0.354225993156,0.000000003191
436,0.334008991718,0.000000003191
437,0.359995990992,0.000000003191
438,0.361283004284,0.000000003191
439,0.340366005898,0.000000003191
440,0.364809989929,0.000000003191
441,0.333122998476,0.000000003191
442,0.340090990067,0.000000003191
443,0.338135004044,0.000000003191
444,0.343973994255,0.000000003191
445,0.354916989803,0.000000003191
446,0.377333998680,0.000000003191
447,0.389941990376,0.000000003191
448,0.364758998156,0.000000003191
449,0.364100009203,0.000000003191
450,0.359573990107,0.000000003191
451,0.386312007904,0.000000003191
452,0.368963986635,0.000000003191
453,0.379786998034,0.000000003191
454,0.375865012407,0.000000003191
455,0.366400986910,0.000000003191
456,0.373679012060,0.000000003191
457,0.370941013098,0.000000003191
458,0.378955990076,0.000000003191
459,0.383264005184,0.000000003191
460,0.389851987362,0.000000003191
461,0.383313000202,0.000000003191
462,0.390478998423,0.000000003191
463,0.388051986694,0.000000003191
464,0.394466996193,0.000000003191
465,0.395913988352,0.000000003191
466,0.398595988750,0.000000003191
467,0.405526995659,0.000000003191
468,0.407227009535,0.000000003191
469,0.404886990786,0.000000003191
470,0.405209004879,0.000000003191
471,0.408309996128,0.000000003191
472,0.410683006048,0.000000003191
473,0.417573004961,0.000000003191
474,0.418940991163,0.000000003191
475,0.475686997175,0.000000003191
476,0.433113008738,0.000000003191
477,0.429156005383,0.000000003191
478,0.441985011101,0.000000003191
479,0.441186010838,0.000000003191
480,0.440901994705,0.000000003191
481,0.437968999147,0.000000003191
482,0.446379989386,0.000000003191
483,0.444258004427,0.000000003191
484,0.442075014114,0.000000003191
485,0.446307986975,0.000000003191
486,0.449865996838,0.000000003191
487,0.455595999956,0.000000003191
488,0.462433993816,0.000000003191
489,0.460476994514,0.000000003191
490,0.461959004402,0.000000003191
491,0.471276998520,0.000000003191
492,0.468125998974,0.000000003191
493,0.471722990274,0.000000003191
494,0.474938005209,0.000000003191
495,0.495422989130,0.000000003191
496,0.480695009232,0.000000003191
497,0.484257996082,0.000000003191
498,0.487114995718,0.000000003191
499,0.493472993374,0.000000003191
500,0.490586996078,0.000000003191
